{"numFailedTestSuites":0,"numFailedTests":0,"numPassedTestSuites":2,"numPassedTests":4,"numPendingTestSuites":0,"numPendingTests":0,"numRuntimeErrorTestSuites":0,"numTodoTests":0,"numTotalTestSuites":2,"numTotalTests":4,"openHandles":[],"snapshot":{"added":0,"didUpdate":false,"failure":false,"filesAdded":0,"filesRemoved":0,"filesRemovedList":[],"filesUnmatched":0,"filesUpdated":0,"matched":0,"total":0,"unchecked":0,"uncheckedKeysByFile":[],"unmatched":0,"updated":0},"startTime":1718305061486,"success":true,"testResults":[{"assertionResults":[{"ancestorTitles":[],"duration":3,"failureDetails":[],"failureMessages":[],"fullName":"subtracts two numbers","invocations":1,"location":null,"numPassingAsserts":1,"retryReasons":[],"status":"passed","title":"subtracts two numbers"}],"endTime":1718305062610,"message":"","name":"/Users/bettyalagwu/Documents/Code/Reetcode/reetcode/src/seed/templates/github-file-tree-load-on-interaction/vite-react-ts/tests/app.spec.jsx","startTime":1718305061900,"status":"passed","summary":""},{"assertionResults":[{"ancestorTitles":[],"duration":31,"failureDetails":[],"failureMessages":[],"fullName":"the default value displayed to the user is 12","invocations":1,"location":null,"numPassingAsserts":1,"retryReasons":[],"status":"passed","title":"the default value displayed to the user is 12"},{"ancestorTitles":[],"duration":12,"failureDetails":[],"failureMessages":[],"fullName":"clicking the increment button increases the value by ten","invocations":1,"location":null,"numPassingAsserts":1,"retryReasons":[],"status":"passed","title":"clicking the increment button increases the value by ten"},{"ancestorTitles":[],"duration":10,"failureDetails":[],"failureMessages":[],"fullName":"clicking the decrement button increases the value by ten","invocations":1,"location":null,"numPassingAsserts":1,"retryReasons":[],"status":"passed","title":"clicking the decrement button increases the value by ten"}],"endTime":1718305062832,"message":"","name":"/Users/bettyalagwu/Documents/Code/Reetcode/reetcode/src/seed/templates/github-file-tree-load-on-interaction/vite-react-ts/tests/test.spec.tsx","startTime":1718305061900,"status":"passed","summary":""}],"wasInterrupted":false}
